{"E:\\Elie\\Pro\\PortFolio\\API_Romains\\controllers\\ctrlConverter.js": {"path":"E:\\Elie\\Pro\\PortFolio\\API_Romains\\controllers\\ctrlConverter.js","statementMap":{"0":{"start":{"line":2,"column":13},"end":{"line":2,"column":50}},"1":{"start":{"line":3,"column":13},"end":{"line":3,"column":50}},"2":{"start":{"line":6,"column":21},"end":{"line":6,"column":45}},"3":{"start":{"line":7,"column":18},"end":{"line":7,"column":31}},"4":{"start":{"line":8,"column":22},"end":{"line":8,"column":156}},"5":{"start":{"line":11,"column":0},"end":{"line":96,"column":1}},"6":{"start":{"line":14,"column":6},"end":{"line":17,"column":7}},"7":{"start":{"line":18,"column":6},"end":{"line":18,"column":38}},"8":{"start":{"line":24,"column":22},"end":{"line":24,"column":62}},"9":{"start":{"line":27,"column":8},"end":{"line":27,"column":21}},"10":{"start":{"line":31,"column":8},"end":{"line":52,"column":11}},"11":{"start":{"line":34,"column":10},"end":{"line":50,"column":11}},"12":{"start":{"line":35,"column":12},"end":{"line":35,"column":68}},"13":{"start":{"line":39,"column":15},"end":{"line":50,"column":11}},"14":{"start":{"line":40,"column":12},"end":{"line":44,"column":13}},"15":{"start":{"line":41,"column":14},"end":{"line":41,"column":68}},"16":{"start":{"line":43,"column":14},"end":{"line":43,"column":81}},"17":{"start":{"line":43,"column":30},"end":{"line":43,"column":31}},"18":{"start":{"line":43,"column":54},"end":{"line":43,"column":79}},"19":{"start":{"line":49,"column":12},"end":{"line":49,"column":66}},"20":{"start":{"line":55,"column":8},"end":{"line":55,"column":67}},"21":{"start":{"line":61,"column":20},"end":{"line":65,"column":7}},"22":{"start":{"line":67,"column":6},"end":{"line":93,"column":7}},"23":{"start":{"line":71,"column":10},"end":{"line":71,"column":16}},"24":{"start":{"line":75,"column":10},"end":{"line":75,"column":87}},"25":{"start":{"line":75,"column":26},"end":{"line":75,"column":27}},"26":{"start":{"line":75,"column":50},"end":{"line":75,"column":85}},"27":{"start":{"line":76,"column":10},"end":{"line":76,"column":16}},"28":{"start":{"line":80,"column":10},"end":{"line":80,"column":45}},"29":{"start":{"line":81,"column":10},"end":{"line":81,"column":16}},"30":{"start":{"line":85,"column":10},"end":{"line":85,"column":89}},"31":{"start":{"line":85,"column":26},"end":{"line":85,"column":27}},"32":{"start":{"line":85,"column":52},"end":{"line":85,"column":87}},"33":{"start":{"line":86,"column":10},"end":{"line":86,"column":45}},"34":{"start":{"line":87,"column":10},"end":{"line":87,"column":16}},"35":{"start":{"line":91,"column":10},"end":{"line":91,"column":45}},"36":{"start":{"line":92,"column":10},"end":{"line":92,"column":16}},"37":{"start":{"line":94,"column":6},"end":{"line":94,"column":22}}},"fnMap":{"0":{"name":"(anonymous_0)","decl":{"start":{"line":13,"column":15},"end":{"line":13,"column":16}},"loc":{"start":{"line":13,"column":29},"end":{"line":19,"column":5}},"line":13},"1":{"name":"(anonymous_1)","decl":{"start":{"line":22,"column":13},"end":{"line":22,"column":14}},"loc":{"start":{"line":22,"column":26},"end":{"line":56,"column":5}},"line":22},"2":{"name":"(anonymous_2)","decl":{"start":{"line":31,"column":40},"end":{"line":31,"column":41}},"loc":{"start":{"line":31,"column":51},"end":{"line":52,"column":9}},"line":31},"3":{"name":"(anonymous_3)","decl":{"start":{"line":59,"column":18},"end":{"line":59,"column":19}},"loc":{"start":{"line":59,"column":39},"end":{"line":95,"column":5}},"line":59}},"branchMap":{"0":{"loc":{"start":{"line":2,"column":13},"end":{"line":2,"column":50}},"type":"binary-expr","locations":[{"start":{"line":2,"column":13},"end":{"line":2,"column":33}},{"start":{"line":2,"column":37},"end":{"line":2,"column":50}}],"line":2},"1":{"loc":{"start":{"line":24,"column":22},"end":{"line":24,"column":62}},"type":"cond-expr","locations":[{"start":{"line":24,"column":42},"end":{"line":24,"column":59}},{"start":{"line":24,"column":61},"end":{"line":24,"column":62}}],"line":24},"2":{"loc":{"start":{"line":34,"column":10},"end":{"line":50,"column":11}},"type":"if","locations":[{"start":{"line":34,"column":10},"end":{"line":50,"column":11}},{"start":{"line":39,"column":15},"end":{"line":50,"column":11}}],"line":34},"3":{"loc":{"start":{"line":39,"column":15},"end":{"line":50,"column":11}},"type":"if","locations":[{"start":{"line":39,"column":15},"end":{"line":50,"column":11}},{"start":{"line":48,"column":15},"end":{"line":50,"column":11}}],"line":39},"4":{"loc":{"start":{"line":40,"column":12},"end":{"line":44,"column":13}},"type":"if","locations":[{"start":{"line":40,"column":12},"end":{"line":44,"column":13}},{"start":{"line":42,"column":19},"end":{"line":44,"column":13}}],"line":40},"5":{"loc":{"start":{"line":67,"column":6},"end":{"line":93,"column":7}},"type":"switch","locations":[{"start":{"line":69,"column":8},"end":{"line":71,"column":16}},{"start":{"line":74,"column":8},"end":{"line":76,"column":16}},{"start":{"line":79,"column":8},"end":{"line":81,"column":16}},{"start":{"line":84,"column":8},"end":{"line":87,"column":16}},{"start":{"line":90,"column":8},"end":{"line":92,"column":16}}],"line":67}},"s":{"0":1,"1":1,"2":1,"3":1,"4":1,"5":1,"6":0,"7":0,"8":0,"9":0,"10":0,"11":0,"12":0,"13":0,"14":0,"15":0,"16":0,"17":0,"18":0,"19":0,"20":0,"21":0,"22":0,"23":0,"24":0,"25":0,"26":0,"27":0,"28":0,"29":0,"30":0,"31":0,"32":0,"33":0,"34":0,"35":0,"36":0,"37":0},"f":{"0":0,"1":0,"2":0,"3":0},"b":{"0":[1,0],"1":[0,0],"2":[0,0],"3":[0,0],"4":[0,0],"5":[0,0,0,0,0]},"_coverageSchema":"1a1c01bbd47fc00a2c39e90264f33305004495a9","hash":"fee994f319837dd6365aa5d0ad4fabde48ef40e9"}
}
